<?xml version="1.0" encoding="UTF-8"?>
<robot generator="Robot 4.0.2 (Python 3.9.1 on win32)" generated="20210528 16:58:52.324" rpa="false" schemaversion="2">
<suite id="s1" name="Listas" source="C:\QANinja\RobotExpert\start\listas.robot">
<test id="s1-t1" name="Minhas Listas">
<kw name="Get Index From List" library="Collections">
<var>${Index}</var>
<arg>${AVENGERS}</arg>
<arg>Hulk</arg>
<doc>Returns the index of the first occurrence of the ``value`` on the list.</doc>
<msg timestamp="20210528 16:58:52.356" level="INFO">${Index} = 1</msg>
<status status="PASS" starttime="20210528 16:58:52.355" endtime="20210528 16:58:52.356"/>
</kw>
<kw name="Log To Console" library="BuiltIn">
<arg>${Index}</arg>
<doc>Logs the given message to the console.</doc>
<status status="PASS" starttime="20210528 16:58:52.357" endtime="20210528 16:58:52.357"/>
</kw>
<kw name="Set List Value" library="Collections">
<arg>${AVENGERS}</arg>
<arg>${Index}</arg>
<arg>Thor</arg>
<doc>Sets the value of ``list`` specified by ``index`` to the given ``value``.</doc>
<status status="PASS" starttime="20210528 16:58:52.358" endtime="20210528 16:58:52.358"/>
</kw>
<kw name="Log To Console" library="BuiltIn">
<arg>${AVENGERS}</arg>
<doc>Logs the given message to the console.</doc>
<status status="PASS" starttime="20210528 16:58:52.359" endtime="20210528 16:58:52.359"/>
</kw>
<status status="PASS" starttime="20210528 16:58:52.355" endtime="20210528 16:58:52.360"/>
</test>
<doc>Conhecendo as Listas</doc>
<status status="PASS" starttime="20210528 16:58:52.326" endtime="20210528 16:58:52.361"/>
</suite>
<statistics>
<total>
<stat pass="1" fail="0" skip="0">All Tests</stat>
</total>
<tag>
</tag>
<suite>
<stat pass="1" fail="0" skip="0" id="s1" name="Listas">Listas</stat>
</suite>
</statistics>
<errors>
</errors>
</robot>
