<?xml version="1.0" encoding="UTF-8"?>
<robot generator="Robot 4.0.2 (Python 3.9.1 on win32)" generated="20210521 22:19:21.153" rpa="false" schemaversion="2">
<suite id="s1" name="Condicionais" source="C:\QANinja\RobotExpert\start\Condicionais.robot">
<test id="s1-t1" name="Carteira de Motoristas">
<kw name="Set Variable" library="BuiltIn">
<var>${idade}</var>
<arg>${select_age}</arg>
<doc>Returns the given values which can then be assigned to a variables.</doc>
<msg timestamp="20210521 22:19:21.178" level="INFO">${idade} = 18</msg>
<status status="PASS" starttime="20210521 22:19:21.178" endtime="20210521 22:19:21.178"/>
</kw>
<if>
<branch type="IF" condition="${idade}&gt;=18">
<kw name="Log To Console" library="BuiltIn">
<arg>Você pode tirar sua CNH</arg>
<doc>Logs the given message to the console.</doc>
<status status="PASS" starttime="20210521 22:19:21.179" endtime="20210521 22:19:21.180"/>
</kw>
<status status="PASS" starttime="20210521 22:19:21.179" endtime="20210521 22:19:21.180"/>
</branch>
<branch type="ELSE">
<kw name="Log To Console" library="BuiltIn">
<arg>Você pode andar de bicicleta</arg>
<doc>Logs the given message to the console.</doc>
<status status="NOT RUN" starttime="20210521 22:19:21.181" endtime="20210521 22:19:21.181"/>
</kw>
<status status="NOT RUN" starttime="20210521 22:19:21.180" endtime="20210521 22:19:21.181"/>
</branch>
<status status="PASS" starttime="20210521 22:19:21.179" endtime="20210521 22:19:21.181"/>
</if>
<tag>carteira</tag>
<status status="PASS" starttime="20210521 22:19:21.177" endtime="20210521 22:19:21.181"/>
</test>
<test id="s1-t2" name="Navegador">
<kw name="Set Variable" library="BuiltIn">
<var>${browser}</var>
<arg>${select_browser}</arg>
<doc>Returns the given values which can then be assigned to a variables.</doc>
<msg timestamp="20210521 22:19:21.184" level="INFO">${browser} = Firefox</msg>
<status status="PASS" starttime="20210521 22:19:21.183" endtime="20210521 22:19:21.184"/>
</kw>
<if>
<branch type="IF" condition="'${browser}' == 'Firefox'">
<kw name="Log To Console" library="BuiltIn">
<arg>Chamando o ${browser}</arg>
<doc>Logs the given message to the console.</doc>
<status status="PASS" starttime="20210521 22:19:21.185" endtime="20210521 22:19:21.187"/>
</kw>
<status status="PASS" starttime="20210521 22:19:21.185" endtime="20210521 22:19:21.187"/>
</branch>
<branch type="ELSE IF" condition="'${browser}' == 'Chrome'">
<kw name="Log To Console" library="BuiltIn">
<arg>Chamando o ${browser}</arg>
<doc>Logs the given message to the console.</doc>
<status status="NOT RUN" starttime="20210521 22:19:21.187" endtime="20210521 22:19:21.187"/>
</kw>
<status status="NOT RUN" starttime="20210521 22:19:21.187" endtime="20210521 22:19:21.187"/>
</branch>
<branch type="ELSE IF" condition="'${browser}' == 'WebKit'">
<kw name="Log To Console" library="BuiltIn">
<arg>Chamando o ${browser}</arg>
<doc>Logs the given message to the console.</doc>
<status status="NOT RUN" starttime="20210521 22:19:21.187" endtime="20210521 22:19:21.187"/>
</kw>
<status status="NOT RUN" starttime="20210521 22:19:21.187" endtime="20210521 22:19:21.188"/>
</branch>
<branch type="ELSE">
<kw name="Fail" library="BuiltIn">
<arg>Navegador incorreto</arg>
<doc>Fails the test with the given message and optionally alters its tags.</doc>
<status status="NOT RUN" starttime="20210521 22:19:21.188" endtime="20210521 22:19:21.188"/>
</kw>
<status status="NOT RUN" starttime="20210521 22:19:21.188" endtime="20210521 22:19:21.188"/>
</branch>
<status status="PASS" starttime="20210521 22:19:21.184" endtime="20210521 22:19:21.188"/>
</if>
<tag>browser</tag>
<status status="PASS" starttime="20210521 22:19:21.182" endtime="20210521 22:19:21.188"/>
</test>
<doc>Trabalhando com Condicionais</doc>
<status status="PASS" starttime="20210521 22:19:21.154" endtime="20210521 22:19:21.189"/>
</suite>
<statistics>
<total>
<stat pass="2" fail="0" skip="0">All Tests</stat>
</total>
<tag>
<stat pass="1" fail="0" skip="0">browser</stat>
<stat pass="1" fail="0" skip="0">carteira</stat>
</tag>
<suite>
<stat pass="2" fail="0" skip="0" id="s1" name="Condicionais">Condicionais</stat>
</suite>
</statistics>
<errors>
</errors>
</robot>
