<?xml version="1.0" encoding="UTF-8"?>
<robot generator="Robot 4.0.2 (Python 3.9.1 on win32)" generated="20210528 16:47:36.556" rpa="false" schemaversion="2">
<suite id="s1" name="Listas" source="C:\QANinja\RobotExpert\start\listas.robot">
<test id="s1-t1" name="Minhas Listas">
<kw name="Log To Console" library="BuiltIn">
<arg>${AVENGERS}</arg>
<doc>Logs the given message to the console.</doc>
<status status="PASS" starttime="20210528 16:47:36.590" endtime="20210528 16:47:36.592"/>
</kw>
<status status="PASS" starttime="20210528 16:47:36.589" endtime="20210528 16:47:36.593"/>
</test>
<doc>Conhecendo as Listas</doc>
<status status="PASS" starttime="20210528 16:47:36.560" endtime="20210528 16:47:36.595"/>
</suite>
<statistics>
<total>
<stat pass="1" fail="0" skip="0">All Tests</stat>
</total>
<tag>
</tag>
<suite>
<stat pass="1" fail="0" skip="0" id="s1" name="Listas">Listas</stat>
</suite>
</statistics>
<errors>
</errors>
</robot>
