<?xml version="1.0" encoding="UTF-8"?>
<robot generator="Robot 4.0.2 (Python 3.9.1 on win32)" generated="20210612 21:54:44.635" rpa="false" schemaversion="2">
<suite id="s1" name="Dicionarios" source="C:\QANinja\RobotExpert\start\dicionarios.robot">
<test id="s1-t1" name="Obtendo valores de um dicionario">
<kw name="Log To Console" library="BuiltIn">
<arg>${CARRO.nome}</arg>
<doc>Logs the given message to the console.</doc>
<status status="PASS" starttime="20210612 21:54:44.676" endtime="20210612 21:54:44.678"/>
</kw>
<status status="PASS" starttime="20210612 21:54:44.675" endtime="20210612 21:54:44.679"/>
</test>
<doc>Conhecendo os Dicionários do Robot</doc>
<status status="PASS" starttime="20210612 21:54:44.638" endtime="20210612 21:54:44.680"/>
</suite>
<statistics>
<total>
<stat pass="1" fail="0" skip="0">All Tests</stat>
</total>
<tag>
</tag>
<suite>
<stat pass="1" fail="0" skip="0" id="s1" name="Dicionarios">Dicionarios</stat>
</suite>
</statistics>
<errors>
</errors>
</robot>
