<?xml version="1.0" encoding="UTF-8"?>
<robot generator="Robot 4.0.2 (Python 3.9.1 on win32)" generated="20210612 21:44:04.363" rpa="false" schemaversion="2">
<suite id="s1" name="Loops" source="C:\QANinja\RobotExpert\start\loops.robot">
<test id="s1-t1" name="Meu Primeiro Loops">
<for flavor="IN">
<var>${item}</var>
<value>@{AVENGERS}</value>
<iter>
<var name="${item}">Ironman</var>
<if>
<branch type="IF" condition="$item != 'Ironman'">
<kw name="Log To Console" library="BuiltIn">
<arg>Obtendo o vingador: ${item}</arg>
<doc>Logs the given message to the console.</doc>
<status status="NOT RUN" starttime="20210612 21:44:04.413" endtime="20210612 21:44:04.413"/>
</kw>
<status status="NOT RUN" starttime="20210612 21:44:04.413" endtime="20210612 21:44:04.414"/>
</branch>
<status status="PASS" starttime="20210612 21:44:04.401" endtime="20210612 21:44:04.414"/>
</if>
<status status="PASS" starttime="20210612 21:44:04.401" endtime="20210612 21:44:04.414"/>
</iter>
<iter>
<var name="${item}">Hulk</var>
<if>
<branch type="IF" condition="$item != 'Ironman'">
<kw name="Log To Console" library="BuiltIn">
<arg>Obtendo o vingador: ${item}</arg>
<doc>Logs the given message to the console.</doc>
<status status="PASS" starttime="20210612 21:44:04.415" endtime="20210612 21:44:04.416"/>
</kw>
<status status="PASS" starttime="20210612 21:44:04.414" endtime="20210612 21:44:04.416"/>
</branch>
<status status="PASS" starttime="20210612 21:44:04.414" endtime="20210612 21:44:04.416"/>
</if>
<status status="PASS" starttime="20210612 21:44:04.414" endtime="20210612 21:44:04.416"/>
</iter>
<iter>
<var name="${item}">Thor</var>
<if>
<branch type="IF" condition="$item != 'Ironman'">
<kw name="Log To Console" library="BuiltIn">
<arg>Obtendo o vingador: ${item}</arg>
<doc>Logs the given message to the console.</doc>
<status status="PASS" starttime="20210612 21:44:04.419" endtime="20210612 21:44:04.420"/>
</kw>
<status status="PASS" starttime="20210612 21:44:04.419" endtime="20210612 21:44:04.420"/>
</branch>
<status status="PASS" starttime="20210612 21:44:04.418" endtime="20210612 21:44:04.420"/>
</if>
<status status="PASS" starttime="20210612 21:44:04.416" endtime="20210612 21:44:04.420"/>
</iter>
<iter>
<var name="${item}">Cap</var>
<if>
<branch type="IF" condition="$item != 'Ironman'">
<kw name="Log To Console" library="BuiltIn">
<arg>Obtendo o vingador: ${item}</arg>
<doc>Logs the given message to the console.</doc>
<status status="PASS" starttime="20210612 21:44:04.421" endtime="20210612 21:44:04.422"/>
</kw>
<status status="PASS" starttime="20210612 21:44:04.421" endtime="20210612 21:44:04.422"/>
</branch>
<status status="PASS" starttime="20210612 21:44:04.421" endtime="20210612 21:44:04.422"/>
</if>
<status status="PASS" starttime="20210612 21:44:04.420" endtime="20210612 21:44:04.423"/>
</iter>
<status status="PASS" starttime="20210612 21:44:04.400" endtime="20210612 21:44:04.423"/>
</for>
<status status="PASS" starttime="20210612 21:44:04.399" endtime="20210612 21:44:04.423"/>
</test>
<test id="s1-t2" name="Outro Loop">
<for flavor="IN">
<var>${item}</var>
<value>@{AVENGERS}</value>
<iter>
<var name="${item}">Ironman</var>
<kw name="Exit For Loop If" library="BuiltIn">
<arg>$item == 'Thor'</arg>
<doc>Stops executing the enclosing for loop if the ``condition`` is true.</doc>
<status status="PASS" starttime="20210612 21:44:04.431" endtime="20210612 21:44:04.432"/>
</kw>
<kw name="Log To Console" library="BuiltIn">
<arg>Obtendo o vingador: ${item}</arg>
<doc>Logs the given message to the console.</doc>
<status status="PASS" starttime="20210612 21:44:04.432" endtime="20210612 21:44:04.432"/>
</kw>
<status status="PASS" starttime="20210612 21:44:04.427" endtime="20210612 21:44:04.432"/>
</iter>
<iter>
<var name="${item}">Hulk</var>
<kw name="Exit For Loop If" library="BuiltIn">
<arg>$item == 'Thor'</arg>
<doc>Stops executing the enclosing for loop if the ``condition`` is true.</doc>
<status status="PASS" starttime="20210612 21:44:04.433" endtime="20210612 21:44:04.434"/>
</kw>
<kw name="Log To Console" library="BuiltIn">
<arg>Obtendo o vingador: ${item}</arg>
<doc>Logs the given message to the console.</doc>
<status status="PASS" starttime="20210612 21:44:04.434" endtime="20210612 21:44:04.435"/>
</kw>
<status status="PASS" starttime="20210612 21:44:04.432" endtime="20210612 21:44:04.435"/>
</iter>
<iter>
<var name="${item}">Thor</var>
<kw name="Exit For Loop If" library="BuiltIn">
<arg>$item == 'Thor'</arg>
<doc>Stops executing the enclosing for loop if the ``condition`` is true.</doc>
<msg timestamp="20210612 21:44:04.438" level="INFO">Exiting for loop altogether.</msg>
<status status="PASS" starttime="20210612 21:44:04.437" endtime="20210612 21:44:04.438"/>
</kw>
<status status="PASS" starttime="20210612 21:44:04.436" endtime="20210612 21:44:04.438"/>
</iter>
<status status="PASS" starttime="20210612 21:44:04.427" endtime="20210612 21:44:04.438"/>
</for>
<tag>thor</tag>
<status status="PASS" starttime="20210612 21:44:04.426" endtime="20210612 21:44:04.439"/>
</test>
<doc>Laços de repetição (Loops)</doc>
<status status="PASS" starttime="20210612 21:44:04.366" endtime="20210612 21:44:04.441"/>
</suite>
<statistics>
<total>
<stat pass="2" fail="0" skip="0">All Tests</stat>
</total>
<tag>
<stat pass="1" fail="0" skip="0">thor</stat>
</tag>
<suite>
<stat pass="2" fail="0" skip="0" id="s1" name="Loops">Loops</stat>
</suite>
</statistics>
<errors>
</errors>
</robot>
